#
# A fatal error has been detected by the Java Runtime Environment:
#
#  Internal Error (javaCalls.cpp:51), pid=19336, tid=0x0000000000002704
#  guarantee(thread->is_Java_thread()) failed: crucial check - the VM thread cannot and must not escape to Java code
#
# JRE version: Java(TM) SE Runtime Environment (8.0_201-b09) (build 1.8.0_201-b09)
# Java VM: Java HotSpot(TM) 64-Bit Server VM (25.201-b09 mixed mode windows-amd64 compressed oops)
# Failed to write core dump. Minidumps are not enabled by default on client versions of Windows
#
# If you would like to submit a bug report, please visit:
#   http://bugreport.java.com/bugreport/crash.jsp
#

---------------  T H R E A D  ---------------

Current thread (0x0000000017e09800):  VMThread [stack: 0x0000000019ae0000,0x0000000019be0000] [id=9988]

Stack: [0x0000000019ae0000,0x0000000019be0000]
[error occurred during error reporting (printing stack bounds), id 0xc0000005]

Native frames: (J=compiled Java code, j=interpreted, Vv=VM code, C=native code)

VM_Operation (0x000000001a91f270): GetOrSetLocal, mode: safepoint, requested by thread 0x0000000019c1c800


---------------  P R O C E S S  ---------------

Java Threads: ( => current thread )
  0x0000000019f95800 JavaThread "LWJGL Timer" daemon [_thread_blocked, id=14200, stack(0x000000002a6b0000,0x000000002a7b0000)]
  0x0000000019f93000 JavaThread "Java2D Disposer" daemon [_thread_blocked, id=21556, stack(0x000000002a3b0000,0x000000002a4b0000)]
  0x0000000019e42800 JavaThread "Service Thread" daemon [_thread_blocked, id=13272, stack(0x000000001af20000,0x000000001b020000)]
  0x0000000019dc4800 JavaThread "C1 CompilerThread3" daemon [_thread_blocked, id=1132, stack(0x000000001ae20000,0x000000001af20000)]
  0x0000000019dc1000 JavaThread "C2 CompilerThread2" daemon [_thread_blocked, id=28004, stack(0x000000001ad20000,0x000000001ae20000)]
  0x0000000019dbc000 JavaThread "C2 CompilerThread1" daemon [_thread_blocked, id=26112, stack(0x000000001ac20000,0x000000001ad20000)]
  0x0000000019db5800 JavaThread "C2 CompilerThread0" daemon [_thread_blocked, id=17304, stack(0x000000001ab20000,0x000000001ac20000)]
  0x0000000019c29800 JavaThread "JDWP Command Reader" daemon [_thread_in_native, id=2480, stack(0x000000001aa20000,0x000000001ab20000)]
  0x0000000019c28800 JavaThread "JDWP Event Helper Thread" daemon [_thread_blocked, id=25240, stack(0x000000001a920000,0x000000001aa20000)]
  0x0000000019c1c800 JavaThread "JDWP Transport Listener: dt_socket" daemon [_thread_blocked, id=24572, stack(0x000000001a820000,0x000000001a920000)]
  0x0000000019c12800 JavaThread "Attach Listener" daemon [_thread_blocked, id=14700, stack(0x000000001a3e0000,0x000000001a4e0000)]
  0x0000000019c11000 JavaThread "Signal Dispatcher" daemon [_thread_blocked, id=4324, stack(0x000000001a2e0000,0x000000001a3e0000)]
  0x0000000019c01800 JavaThread "Finalizer" daemon [_thread_blocked, id=27516, stack(0x000000001a0e0000,0x000000001a1e0000)]
  0x0000000019c00800 JavaThread "Reference Handler" daemon [_thread_blocked, id=24012, stack(0x0000000019fe0000,0x000000001a0e0000)]
  0x0000000002d92800 JavaThread "main" [_thread_blocked, id=27760, stack(0x0000000002a40000,0x0000000002b40000)]

Other Threads:
=>0x0000000017e09800 VMThread [stack: 0x0000000019ae0000,0x0000000019be0000] [id=9988]
  0x0000000019db6800 WatcherThread [stack: 0x000000001b020000,0x000000001b120000] [id=27620]

VM state:at safepoint (normal execution)

VM Mutex/Monitor currently owned by a thread:  ([mutex/lock_event])
[0x0000000002d8ea90] Threads_lock - owner thread: 0x0000000017e09800

heap address: 0x0000000081c00000, size: 2020 MB, Compressed Oops mode: 32-bit
Narrow klass base: 0x0000000000000000, Narrow klass shift: 3
Compressed class space size: 1073741824 Address: 0x0000000100000000

Heap:
 PSYoungGen      total 311296K, used 137245K [0x00000000d5f00000, 0x00000000ea100000, 0x0000000100000000)
  eden space 307712K, 43% used [0x00000000d5f00000,0x00000000de1ee3e8,0x00000000e8b80000)
  from space 3584K, 88% used [0x00000000e9d80000,0x00000000ea099400,0x00000000ea100000)
  to   space 8192K, 0% used [0x00000000e9100000,0x00000000e9100000,0x00000000e9900000)
 ParOldGen       total 438272K, used 150653K [0x0000000081c00000, 0x000000009c800000, 0x00000000d5f00000)
  object space 438272K, 34% used [0x0000000081c00000,0x000000008af1f7b8,0x000000009c800000)
 Metaspace       used 13206K, capacity 13431K, committed 13696K, reserved 1060864K
  class space    used 1270K, capacity 1346K, committed 1408K, reserved 1048576K

Card table byte_map: [0x0000000012250000,0x0000000012650000] byte_map_base: 0x0000000011e42000

Marking Bits: (ParMarkBitMap*) 0x0000000071f24ce0
 Begin Bits: [0x0000000013100000, 0x0000000015090000)
 End Bits:   [0x0000000015090000, 0x0000000017020000)

Polling page: 0x0000000001270000

CodeCache: size=245760Kb used=7031Kb max_used=8094Kb free=238728Kb
 bounds [0x0000000002e90000, 0x0000000003690000, 0x0000000011e90000]
 total_blobs=2139 nmethods=1596 adapters=464
 compilation: enabled

Compilation events (10 events):
Event: 475.153 Thread 0x0000000019db5800 1997       4       sun.nio.cs.UTF_8$Decoder::decodeArrayLoop (691 bytes)
Event: 475.168 Thread 0x0000000019db5800 nmethod 1997 0x0000000003008ed0 code [0x0000000003009040, 0x0000000003009578]
Event: 475.221 Thread 0x0000000019dc4800 1998       3       org.lwjgl.openal.AL10::alGetBufferi (11 bytes)
Event: 475.222 Thread 0x0000000019dc4800 nmethod 1998 0x000000000333ef90 code [0x000000000333f140, 0x000000000333f4a8]
Event: 475.236 Thread 0x0000000019dc4800 2000       1       java.nio.DirectFloatBufferU::isDirect (2 bytes)
Event: 475.236 Thread 0x0000000019dc4800 nmethod 2000 0x0000000003528c90 code [0x0000000003528de0, 0x0000000003528ef0]
Event: 482.081 Thread 0x0000000019dc1000 2001       4       menu.StartupNew::render (36 bytes)
Event: 482.120 Thread 0x0000000019dc1000 nmethod 2001 0x00000000035ea350 code [0x00000000035ea5c0, 0x00000000035eb940]
Event: 575.554 Thread 0x0000000019db5800 2002       4       org.eclipse.jdt.launching.internal.org.objectweb.asm.FieldWriter::putFieldInfo (418 bytes)
Event: 575.606 Thread 0x0000000019db5800 nmethod 2002 0x00000000031d8e50 code [0x00000000031d90e0, 0x00000000031da768]

GC Heap History (10 events):
Event: 6.257 GC heap before
{Heap before GC invocations=14 (full 5):
 PSYoungGen      total 183296K, used 4796K [0x00000000d5f00000, 0x00000000e5300000, 0x0000000100000000)
  eden space 175104K, 0% used [0x00000000d5f00000,0x00000000d5f00000,0x00000000e0a00000)
  from space 8192K, 58% used [0x00000000e0a00000,0x00000000e0eaf108,0x00000000e1200000)
  to   space 8704K, 0% used [0x00000000e4a80000,0x00000000e4a80000,0x00000000e5300000)
 ParOldGen       total 270848K, used 245430K [0x0000000081c00000, 0x0000000092480000, 0x00000000d5f00000)
  object space 270848K, 90% used [0x0000000081c00000,0x0000000090bad930,0x0000000092480000)
 Metaspace       used 12331K, capacity 12499K, committed 12544K, reserved 1060864K
  class space    used 1208K, capacity 1276K, committed 1280K, reserved 1048576K
Event: 6.283 GC heap after
Heap after GC invocations=14 (full 5):
 PSYoungGen      total 183296K, used 0K [0x00000000d5f00000, 0x00000000e5300000, 0x0000000100000000)
  eden space 175104K, 0% used [0x00000000d5f00000,0x00000000d5f00000,0x00000000e0a00000)
  from space 8192K, 0% used [0x00000000e0a00000,0x00000000e0a00000,0x00000000e1200000)
  to   space 8704K, 0% used [0x00000000e4a80000,0x00000000e4a80000,0x00000000e5300000)
 ParOldGen       total 412672K, used 150748K [0x0000000081c00000, 0x000000009af00000, 0x00000000d5f00000)
  object space 412672K, 36% used [0x0000000081c00000,0x000000008af37368,0x000000009af00000)
 Metaspace       used 12331K, capacity 12499K, committed 12544K, reserved 1060864K
  class space    used 1208K, capacity 1276K, committed 1280K, reserved 1048576K
}
Event: 6.781 GC heap before
{Heap before GC invocations=15 (full 5):
 PSYoungGen      total 183296K, used 175104K [0x00000000d5f00000, 0x00000000e5300000, 0x0000000100000000)
  eden space 175104K, 100% used [0x00000000d5f00000,0x00000000e0a00000,0x00000000e0a00000)
  from space 8192K, 0% used [0x00000000e0a00000,0x00000000e0a00000,0x00000000e1200000)
  to   space 8704K, 0% used [0x00000000e4a80000,0x00000000e4a80000,0x00000000e5300000)
 ParOldGen       total 412672K, used 150748K [0x0000000081c00000, 0x000000009af00000, 0x00000000d5f00000)
  object space 412672K, 36% used [0x0000000081c00000,0x000000008af37368,0x000000009af00000)
 Metaspace       used 12331K, capacity 12499K, committed 12544K, reserved 1060864K
  class space    used 1208K, capacity 1276K, committed 1280K, reserved 1048576K
Event: 6.791 GC heap after
Heap after GC invocations=15 (full 5):
 PSYoungGen      total 241152K, used 224K [0x00000000d5f00000, 0x00000000e5400000, 0x0000000100000000)
  eden space 232448K, 0% used [0x00000000d5f00000,0x00000000d5f00000,0x00000000e4200000)
  from space 8704K, 2% used [0x00000000e4a80000,0x00000000e4ab8000,0x00000000e5300000)
  to   space 8704K, 0% used [0x00000000e4200000,0x00000000e4200000,0x00000000e4a80000)
 ParOldGen       total 412672K, used 216284K [0x0000000081c00000, 0x000000009af00000, 0x00000000d5f00000)
  object space 412672K, 52% used [0x0000000081c00000,0x000000008ef373a8,0x000000009af00000)
 Metaspace       used 12331K, capacity 12499K, committed 12544K, reserved 1060864K
  class space    used 1208K, capacity 1276K, committed 1280K, reserved 1048576K
}
Event: 7.178 GC heap before
{Heap before GC invocations=16 (full 5):
 PSYoungGen      total 241152K, used 232672K [0x00000000d5f00000, 0x00000000e5400000, 0x0000000100000000)
  eden space 232448K, 100% used [0x00000000d5f00000,0x00000000e4200000,0x00000000e4200000)
  from space 8704K, 2% used [0x00000000e4a80000,0x00000000e4ab8000,0x00000000e5300000)
  to   space 8704K, 0% used [0x00000000e4200000,0x00000000e4200000,0x00000000e4a80000)
 ParOldGen       total 412672K, used 216284K [0x0000000081c00000, 0x000000009af00000, 0x00000000d5f00000)
  object space 412672K, 52% used [0x0000000081c00000,0x000000008ef373a8,0x000000009af00000)
 Metaspace       used 12359K, capacity 12563K, committed 12800K, reserved 1060864K
  class space    used 1210K, capacity 1276K, committed 1280K, reserved 1048576K
Event: 7.202 GC heap after
Heap after GC invocations=16 (full 5):
 PSYoungGen      total 241152K, used 224K [0x00000000d5f00000, 0x00000000ea600000, 0x0000000100000000)
  eden space 232448K, 0% used [0x00000000d5f00000,0x00000000d5f00000,0x00000000e4200000)
  from space 8704K, 2% used [0x00000000e4200000,0x00000000e4238000,0x00000000e4a80000)
  to   space 8704K, 0% used [0x00000000e9d80000,0x00000000e9d80000,0x00000000ea600000)
 ParOldGen       total 412672K, used 314589K [0x0000000081c00000, 0x000000009af00000, 0x00000000d5f00000)
  object space 412672K, 76% used [0x0000000081c00000,0x0000000094f37408,0x000000009af00000)
 Metaspace       used 12359K, capacity 12563K, committed 12800K, reserved 1060864K
  class space    used 1210K, capacity 1276K, committed 1280K, reserved 1048576K
}
Event: 7.202 GC heap before
{Heap before GC invocations=17 (full 6):
 PSYoungGen      total 241152K, used 224K [0x00000000d5f00000, 0x00000000ea600000, 0x0000000100000000)
  eden space 232448K, 0% used [0x00000000d5f00000,0x00000000d5f00000,0x00000000e4200000)
  from space 8704K, 2% used [0x00000000e4200000,0x00000000e4238000,0x00000000e4a80000)
  to   space 8704K, 0% used [0x00000000e9d80000,0x00000000e9d80000,0x00000000ea600000)
 ParOldGen       total 412672K, used 314589K [0x0000000081c00000, 0x000000009af00000, 0x00000000d5f00000)
  object space 412672K, 76% used [0x0000000081c00000,0x0000000094f37408,0x000000009af00000)
 Metaspace       used 12359K, capacity 12563K, committed 12800K, reserved 1060864K
  class space    used 1210K, capacity 1276K, committed 1280K, reserved 1048576K
Event: 7.227 GC heap after
Heap after GC invocations=17 (full 6):
 PSYoungGen      total 241152K, used 0K [0x00000000d5f00000, 0x00000000ea600000, 0x0000000100000000)
  eden space 232448K, 0% used [0x00000000d5f00000,0x00000000d5f00000,0x00000000e4200000)
  from space 8704K, 0% used [0x00000000e4200000,0x00000000e4200000,0x00000000e4a80000)
  to   space 8704K, 0% used [0x00000000e9d80000,0x00000000e9d80000,0x00000000ea600000)
 ParOldGen       total 438272K, used 150645K [0x0000000081c00000, 0x000000009c800000, 0x00000000d5f00000)
  object space 438272K, 34% used [0x0000000081c00000,0x000000008af1d7b8,0x000000009c800000)
 Metaspace       used 12359K, capacity 12563K, committed 12800K, reserved 1060864K
  class space    used 1210K, capacity 1276K, committed 1280K, reserved 1048576K
}
Event: 8.120 GC heap before
{Heap before GC invocations=18 (full 6):
 PSYoungGen      total 241152K, used 229721K [0x00000000d5f00000, 0x00000000ea600000, 0x0000000100000000)
  eden space 232448K, 98% used [0x00000000d5f00000,0x00000000e3f564a0,0x00000000e4200000)
  from space 8704K, 0% used [0x00000000e4200000,0x00000000e4200000,0x00000000e4a80000)
  to   space 8704K, 0% used [0x00000000e9d80000,0x00000000e9d80000,0x00000000ea600000)
 ParOldGen       total 438272K, used 150645K [0x0000000081c00000, 0x000000009c800000, 0x00000000d5f00000)
  object space 438272K, 34% used [0x0000000081c00000,0x000000008af1d7b8,0x000000009c800000)
 Metaspace       used 12639K, capacity 12787K, committed 12928K, reserved 1060864K
  class space    used 1245K, capacity 1308K, committed 1408K, reserved 1048576K
Event: 8.124 GC heap after
Heap after GC invocations=18 (full 6):
 PSYoungGen      total 311296K, used 3173K [0x00000000d5f00000, 0x00000000ea100000, 0x0000000100000000)
  eden space 307712K, 0% used [0x00000000d5f00000,0x00000000d5f00000,0x00000000e8b80000)
  from space 3584K, 88% used [0x00000000e9d80000,0x00000000ea099400,0x00000000ea100000)
  to   space 8192K, 0% used [0x00000000e9100000,0x00000000e9100000,0x00000000e9900000)
 ParOldGen       total 438272K, used 150653K [0x0000000081c00000, 0x000000009c800000, 0x00000000d5f00000)
  object space 438272K, 34% used [0x0000000081c00000,0x000000008af1f7b8,0x000000009c800000)
 Metaspace       used 12639K, capacity 12787K, committed 12928K, reserved 1060864K
  class space    used 1245K, capacity 1308K, committed 1408K, reserved 1048576K
}

Deoptimization events (10 events):
Event: 9.931 Thread 0x0000000002d92800 Uncommon trap: reason=bimorphic action=maybe_recompile pc=0x0000000003593060 method=gamestate.GameState.checkEntityCollisions()V @ 113
Event: 9.931 Thread 0x0000000002d92800 Uncommon trap: reason=bimorphic action=maybe_recompile pc=0x0000000003593060 method=gamestate.GameState.checkEntityCollisions()V @ 113
Event: 9.931 Thread 0x0000000002d92800 Uncommon trap: reason=bimorphic action=maybe_recompile pc=0x0000000003593060 method=gamestate.GameState.checkEntityCollisions()V @ 113
Event: 9.931 Thread 0x0000000002d92800 Uncommon trap: reason=bimorphic action=maybe_recompile pc=0x0000000003593060 method=gamestate.GameState.checkEntityCollisions()V @ 113
Event: 9.947 Thread 0x0000000002d92800 Uncommon trap: reason=bimorphic action=maybe_recompile pc=0x00000000035873b8 method=gamestate.GameState.checkEntityCollisions()V @ 113
Event: 10.781 Thread 0x0000000002d92800 Uncommon trap: reason=unstable_if action=reinterpret pc=0x000000000359f5c0 method=gamestate.Entity.checkCollision(Lgamestate/Entity;)Z @ 69
Event: 11.042 Thread 0x0000000002d92800 Uncommon trap: reason=class_check action=maybe_recompile pc=0x000000000338bc94 method=java.io.BufferedInputStream.read1([BII)I @ 39
Event: 61.655 Thread 0x0000000002d92800 Uncommon trap: reason=class_check action=maybe_recompile pc=0x000000000338bc94 method=java.io.BufferedInputStream.read1([BII)I @ 39
Event: 170.796 Thread 0x0000000002d92800 Uncommon trap: reason=class_check action=maybe_recompile pc=0x000000000338bc94 method=java.io.BufferedInputStream.read1([BII)I @ 39
Event: 196.021 Thread 0x0000000002d92800 Uncommon trap: reason=class_check action=maybe_recompile pc=0x000000000338bc94 method=java.io.BufferedInputStream.read1([BII)I @ 39

Classes redefined (4 events):
Event: 165.530 Thread 0x0000000017e09800 redefined class name=font.Text, count=1
Event: 187.848 Thread 0x0000000017e09800 redefined class name=font.Text, count=2
Event: 441.024 Thread 0x0000000017e09800 redefined class name=font.Text, count=3
Event: 575.574 Thread 0x0000000017e09800 redefined class name=font.Text, count=4

Internal exceptions (10 events):
Event: 4.565 Thread 0x0000000002d92800 Exception <a 'java/io/FileNotFoundException'> (0x00000000dc0b6000) thrown at [C:\re\workspace\8-2-build-windows-amd64-cygwin\jdk8u201\12322\hotspot\src\share\vm\prims\jni.cpp, line 709]
Event: 4.615 Thread 0x0000000002d92800 Exception <a 'java/io/FileNotFoundException'> (0x00000000dccef248) thrown at [C:\re\workspace\8-2-build-windows-amd64-cygwin\jdk8u201\12322\hotspot\src\share\vm\prims\jni.cpp, line 709]
Event: 5.201 Thread 0x0000000002d92800 Exception <a 'java/security/PrivilegedActionException'> (0x00000000dde390d0) thrown at [C:\re\workspace\8-2-build-windows-amd64-cygwin\jdk8u201\12322\hotspot\src\share\vm\prims\jvm.cpp, line 1502]
Event: 5.201 Thread 0x0000000002d92800 Exception <a 'java/security/PrivilegedActionException'> (0x00000000dde3ac78) thrown at [C:\re\workspace\8-2-build-windows-amd64-cygwin\jdk8u201\12322\hotspot\src\share\vm\prims\jvm.cpp, line 1502]
Event: 5.201 Thread 0x0000000002d92800 Exception <a 'java/security/PrivilegedActionException'> (0x00000000dde3bd98) thrown at [C:\re\workspace\8-2-build-windows-amd64-cygwin\jdk8u201\12322\hotspot\src\share\vm\prims\jvm.cpp, line 1502]
Event: 5.201 Thread 0x0000000002d92800 Exception <a 'java/security/PrivilegedActionException'> (0x00000000dde41290) thrown at [C:\re\workspace\8-2-build-windows-amd64-cygwin\jdk8u201\12322\hotspot\src\share\vm\prims\jvm.cpp, line 1502]
Event: 5.201 Thread 0x0000000002d92800 Exception <a 'java/security/PrivilegedActionException'> (0x00000000dde41ee8) thrown at [C:\re\workspace\8-2-build-windows-amd64-cygwin\jdk8u201\12322\hotspot\src\share\vm\prims\jvm.cpp, line 1502]
Event: 5.201 Thread 0x0000000002d92800 Exception <a 'java/security/PrivilegedActionException'> (0x00000000dde42b10) thrown at [C:\re\workspace\8-2-build-windows-amd64-cygwin\jdk8u201\12322\hotspot\src\share\vm\prims\jvm.cpp, line 1502]
Event: 6.954 Thread 0x0000000002d92800 Implicit null exception at 0x0000000003286999 to 0x0000000003286e81
Event: 7.726 Thread 0x0000000002d92800 Implicit null exception at 0x0000000003107416 to 0x00000000031078a1

Events (10 events):
Event: 575.601 Executing VM operation: GetCurrentContendedMonitor done
Event: 575.601 Executing VM operation: GetOwnedMonitorInfo
Event: 575.601 Executing VM operation: GetOwnedMonitorInfo done
Event: 575.602 Executing VM operation: GetCurrentContendedMonitor
Event: 575.602 Executing VM operation: GetCurrentContendedMonitor done
Event: 575.603 Executing VM operation: GetCurrentContendedMonitor
Event: 575.603 Executing VM operation: GetCurrentContendedMonitor done
Event: 575.603 Executing VM operation: GetOwnedMonitorInfo
Event: 575.604 Executing VM operation: GetOwnedMonitorInfo done
Event: 575.637 Executing VM operation: GetOrSetLocal


Dynamic libraries:
0x00007ff7f3d50000 - 0x00007ff7f3d87000 	C:\Program Files\Java\jdk1.8.0_201\bin\javaw.exe
0x00007ff9e05f0000 - 0x00007ff9e07dd000 	C:\WINDOWS\SYSTEM32\ntdll.dll
0x00007ff9e0450000 - 0x00007ff9e0503000 	C:\WINDOWS\System32\KERNEL32.DLL
0x00007ff9dd1c0000 - 0x00007ff9dd453000 	C:\WINDOWS\System32\KERNELBASE.dll
0x00007ff9e0390000 - 0x00007ff9e0433000 	C:\WINDOWS\System32\ADVAPI32.dll
0x00007ff9dd8e0000 - 0x00007ff9dd97e000 	C:\WINDOWS\System32\msvcrt.dll
0x00007ff9df810000 - 0x00007ff9df8ae000 	C:\WINDOWS\System32\sechost.dll
0x00007ff9e0100000 - 0x00007ff9e0222000 	C:\WINDOWS\System32\RPCRT4.dll
0x00007ff9dff00000 - 0x00007ff9e0097000 	C:\WINDOWS\System32\USER32.dll
0x00007ff9dd7e0000 - 0x00007ff9dd800000 	C:\WINDOWS\System32\win32u.dll
0x00007ff9dda50000 - 0x00007ff9dda79000 	C:\WINDOWS\System32\GDI32.dll
0x00007ff9dd610000 - 0x00007ff9dd7aa000 	C:\WINDOWS\System32\gdi32full.dll
0x00007ff9dc8a0000 - 0x00007ff9dc940000 	C:\WINDOWS\System32\msvcp_win.dll
0x00007ff9dd510000 - 0x00007ff9dd60a000 	C:\WINDOWS\System32\ucrtbase.dll
0x00007ff9c2470000 - 0x00007ff9c26e9000 	C:\WINDOWS\WinSxS\amd64_microsoft.windows.common-controls_6595b64144ccf1df_6.0.17763.437_none_05b63dca071e5dd6\COMCTL32.dll
0x00007ff9def70000 - 0x00007ff9df29c000 	C:\WINDOWS\System32\combase.dll
0x00007ff9dc990000 - 0x00007ff9dca0e000 	C:\WINDOWS\System32\bcryptPrimitives.dll
0x00007ff9dfed0000 - 0x00007ff9dfefe000 	C:\WINDOWS\System32\IMM32.DLL
0x0000000072d40000 - 0x0000000072e11000 	C:\Program Files\Java\jdk1.8.0_201\jre\bin\msvcr100.dll
0x0000000071700000 - 0x0000000071fa4000 	C:\Program Files\Java\jdk1.8.0_201\jre\bin\server\jvm.dll
0x00007ff9df630000 - 0x00007ff9df638000 	C:\WINDOWS\System32\PSAPI.DLL
0x00007ff9be390000 - 0x00007ff9be399000 	C:\WINDOWS\SYSTEM32\WSOCK32.dll
0x00007ff9cdbb0000 - 0x00007ff9cdbd4000 	C:\WINDOWS\SYSTEM32\WINMM.dll
0x00007ff9c6330000 - 0x00007ff9c633a000 	C:\WINDOWS\SYSTEM32\VERSION.dll
0x00007ff9df8b0000 - 0x00007ff9df91d000 	C:\WINDOWS\System32\WS2_32.dll
0x00007ff9cdb80000 - 0x00007ff9cdbad000 	C:\WINDOWS\SYSTEM32\WINMMBASE.dll
0x00007ff9dc940000 - 0x00007ff9dc98a000 	C:\WINDOWS\System32\cfgmgr32.dll
0x00007ff9d3c90000 - 0x00007ff9d3c9f000 	C:\Program Files\Java\jdk1.8.0_201\jre\bin\verify.dll
0x00007ff9c4c20000 - 0x00007ff9c4c49000 	C:\Program Files\Java\jdk1.8.0_201\jre\bin\java.dll
0x00007ff9be070000 - 0x00007ff9be0a5000 	C:\Program Files\Java\jdk1.8.0_201\jre\bin\jdwp.dll
0x00007ff9d2800000 - 0x00007ff9d2808000 	C:\Program Files\Java\jdk1.8.0_201\jre\bin\npt.dll
0x00007ff9c1450000 - 0x00007ff9c1473000 	C:\Program Files\Java\jdk1.8.0_201\jre\bin\instrument.dll
0x00007ff9c15b0000 - 0x00007ff9c15c6000 	C:\Program Files\Java\jdk1.8.0_201\jre\bin\zip.dll
0x00007ff9dda80000 - 0x00007ff9def70000 	C:\WINDOWS\System32\SHELL32.dll
0x00007ff9df580000 - 0x00007ff9df628000 	C:\WINDOWS\System32\shcore.dll
0x00007ff9dca10000 - 0x00007ff9dd15a000 	C:\WINDOWS\System32\windows.storage.dll
0x00007ff9dc690000 - 0x00007ff9dc6b4000 	C:\WINDOWS\System32\profapi.dll
0x00007ff9dc5f0000 - 0x00007ff9dc64d000 	C:\WINDOWS\System32\powrprof.dll
0x00007ff9e00a0000 - 0x00007ff9e00f2000 	C:\WINDOWS\System32\shlwapi.dll
0x00007ff9dc650000 - 0x00007ff9dc661000 	C:\WINDOWS\System32\kernel.appcore.dll
0x00007ff9dd800000 - 0x00007ff9dd817000 	C:\WINDOWS\System32\cryptsp.dll
0x00007ff9d2740000 - 0x00007ff9d2749000 	C:\Program Files\Java\jdk1.8.0_201\jre\bin\dt_socket.dll
0x00007ff9d4df0000 - 0x00007ff9d4e06000 	C:\WINDOWS\system32\napinsp.dll
0x00007ff9d4dd0000 - 0x00007ff9d4dea000 	C:\WINDOWS\system32\pnrpnsp.dll
0x00007ff9dbe70000 - 0x00007ff9dbed7000 	C:\WINDOWS\System32\mswsock.dll
0x00007ff9dbc10000 - 0x00007ff9dbcd6000 	C:\WINDOWS\SYSTEM32\DNSAPI.dll
0x00007ff9dfec0000 - 0x00007ff9dfec8000 	C:\WINDOWS\System32\NSI.dll
0x00007ff9dbbd0000 - 0x00007ff9dbc0d000 	C:\WINDOWS\SYSTEM32\IPHLPAPI.DLL
0x00007ff9d4f10000 - 0x00007ff9d4f1e000 	C:\WINDOWS\System32\winrnr.dll
0x00007ff9d2cb0000 - 0x00007ff9d2ccb000 	C:\WINDOWS\system32\NLAapi.dll
0x00007ff9d2960000 - 0x00007ff9d2975000 	C:\WINDOWS\system32\wshbth.dll
0x00007ff9cec70000 - 0x00007ff9cece9000 	C:\WINDOWS\System32\fwpuclnt.dll
0x00007ff9dd7b0000 - 0x00007ff9dd7d6000 	C:\WINDOWS\System32\bcrypt.dll
0x00007ff9ce370000 - 0x00007ff9ce37a000 	C:\Windows\System32\rasadhlp.dll
0x00007ff9a8250000 - 0x00007ff9a83e9000 	C:\Program Files\Java\jdk1.8.0_201\jre\bin\awt.dll
0x00007ff9dd980000 - 0x00007ff9dda44000 	C:\WINDOWS\System32\OLEAUT32.dll
0x00007ff9d6cc0000 - 0x00007ff9d6d4c000 	C:\WINDOWS\SYSTEM32\apphelp.dll
0x0000000180000000 - 0x0000000180053000 	C:\Users\dalep\eclipse-workspace\Game\lib\natives\lwjgl64.dll
0x00007ff9c2ac0000 - 0x00007ff9c2be7000 	C:\WINDOWS\SYSTEM32\OPENGL32.dll
0x00007ff9d18d0000 - 0x00007ff9d18fc000 	C:\WINDOWS\SYSTEM32\GLU32.dll
0x00007ff9d6db0000 - 0x00007ff9d6e4c000 	C:\WINDOWS\system32\uxtheme.dll
0x00007ff9df6a0000 - 0x00007ff9df80a000 	C:\WINDOWS\System32\MSCTF.dll
0x00007ff9dabc0000 - 0x00007ff9dabee000 	C:\WINDOWS\system32\dwmapi.dll
0x00007ff9dc6c0000 - 0x00007ff9dc89b000 	C:\WINDOWS\System32\CRYPT32.dll
0x00007ff9dc670000 - 0x00007ff9dc682000 	C:\WINDOWS\System32\MSASN1.dll
0x00007ff97cfb0000 - 0x00007ff97de6f000 	C:\WINDOWS\System32\DriverStore\FileRepository\ki126950.inf_amd64_fa7f56314967630d\ig9icd64.dll
0x00007ff9db440000 - 0x00007ff9db502000 	C:\WINDOWS\SYSTEM32\dxgi.dll
0x00007ff9d4a10000 - 0x00007ff9d4a23000 	C:\WINDOWS\SYSTEM32\WTSAPI32.dll
0x00007ff9c4e00000 - 0x00007ff9c4e95000 	C:\WINDOWS\System32\TextInputFramework.dll
0x00007ff9cd560000 - 0x00007ff9cd882000 	C:\WINDOWS\System32\CoreUIComponents.dll
0x00007ff9d6ab0000 - 0x00007ff9d6b92000 	C:\WINDOWS\System32\CoreMessaging.dll
0x00007ff9db6b0000 - 0x00007ff9db6e1000 	C:\WINDOWS\SYSTEM32\ntmarta.dll
0x00007ff9d5220000 - 0x00007ff9d5373000 	C:\WINDOWS\SYSTEM32\wintypes.dll
0x00007ff9c7a80000 - 0x00007ff9c7aec000 	C:\WINDOWS\system32\Oleacc.dll
0x00007ff9c6cb0000 - 0x00007ff9c6d5d000 	C:\WINDOWS\SYSTEM32\mscms.dll
0x00007ff9dc520000 - 0x00007ff9dc548000 	C:\WINDOWS\SYSTEM32\USERENV.dll
0x00007ff9d1d30000 - 0x00007ff9d1d40000 	C:\WINDOWS\SYSTEM32\ColorAdapterClient.dll
0x00007ff9adc10000 - 0x00007ff9adc53000 	C:\WINDOWS\SYSTEM32\icm32.dll
0x00007ff9c8610000 - 0x00007ff9ca3a5000 	C:\WINDOWS\System32\DriverStore\FileRepository\ki126950.inf_amd64_fa7f56314967630d\igc64.dll
0x00007ff9e0230000 - 0x00007ff9e0385000 	C:\WINDOWS\System32\ole32.dll
0x0000000026010000 - 0x0000000026074000 	C:\Users\dalep\eclipse-workspace\Game\lib\natives\OpenAL64.dll
0x00007ff9e0510000 - 0x00007ff9e05b2000 	C:\WINDOWS\System32\clbcatq.dll
0x00007ff9d0f30000 - 0x00007ff9d0fa0000 	C:\WINDOWS\System32\MMDevApi.dll
0x00007ff9dc400000 - 0x00007ff9dc429000 	C:\WINDOWS\System32\DEVOBJ.dll
0x00007ff9d7460000 - 0x00007ff9d7608000 	C:\WINDOWS\System32\PROPSYS.dll
0x00007ff9ad0e0000 - 0x00007ff9ad176000 	C:\WINDOWS\SYSTEM32\dsound.dll
0x00007ff9cf020000 - 0x00007ff9cf168000 	C:\WINDOWS\SYSTEM32\AUDIOSES.DLL
0x00007ff9d47b0000 - 0x00007ff9d47ba000 	C:\WINDOWS\SYSTEM32\AVRT.dll
0x00007ff9daba0000 - 0x00007ff9dabb4000 	C:\WINDOWS\SYSTEM32\resourcepolicyclient.dll

VM Arguments:
jvm_args: -agentlib:jdwp=transport=dt_socket,suspend=y,address=localhost:60638 -Djava.library.path=C:\Users\dalep\eclipse-workspace\Game\lib\natives -javaagent:C:\Users\dalep\eclipse\jee-2018-12\eclipse\configuration\org.eclipse.osgi\405\0\.cp\lib\javaagent-shaded.jar -Dfile.encoding=Cp1252 
java_command: menu.MenuRunner
java_class_path (initial): C:\Users\dalep\eclipse-workspace\Game\bin;C:\Users\dalep\eclipse-workspace\Game\lib\jars\AppleJavaExtensions.jar;C:\Users\dalep\eclipse-workspace\Game\lib\jars\asm-debug-all.jar;C:\Users\dalep\eclipse-workspace\Game\lib\jars\jinput.jar;C:\Users\dalep\eclipse-workspace\Game\lib\jars\laf-plugin-7.2.1.jar;C:\Users\dalep\eclipse-workspace\Game\lib\jars\laf-widget-7.2.1.jar;C:\Users\dalep\eclipse-workspace\Game\lib\jars\log4j-api-2.0-beta9.jar;C:\Users\dalep\eclipse-workspace\Game\lib\jars\lwjgl_test.jar;C:\Users\dalep\eclipse-workspace\Game\lib\jars\lwjgl_util_applet.jar;C:\Users\dalep\eclipse-workspace\Game\lib\jars\lwjgl_util.jar;C:\Users\dalep\eclipse-workspace\Game\lib\jars\lwjgl-debug.jar;C:\Users\dalep\eclipse-workspace\Game\lib\jars\lwjgl.jar;C:\Users\dalep\eclipse-workspace\Game\lib\jars\lzma.jar;C:\Users\dalep\eclipse-workspace\Game\lib\jars\substance-7.2.1.jar;C:\Users\dalep\eclipse-workspace\Game\lib\jars\trident-7.2.1.jar;C:\Users\dalep\eclipse-workspace\Game\lib\jars\slick-util.jar;C:\Users\dalep\eclipse-workspace\Game\lib\jars\jogg-0.0.7.jar;C:\Users\dalep\eclipse-workspace\Game\lib\jars\jorbis-0.0.15.jar;C:\Users\dalep\eclipse\jee-2018-12\eclipse\configuration\org.eclipse.osgi\405\0\.cp\lib\javaagent-shaded.jar
Launcher Type: SUN_STANDARD

Environment Variables:
PATH=C:\Program Files\Java\jdk1.8.0_201\jre\bin;C:/Program Files/Java/jre1.8.0_201/bin/server;C:/Program Files/Java/jre1.8.0_201/bin;C:/Program Files/Java/jre1.8.0_201/lib/amd64;C:\Program Files (x86)\Common Files\Oracle\Java\javapath;C:\WINDOWS\system32;C:\WINDOWS;C:\WINDOWS\System32\Wbem;C:\WINDOWS\System32\WindowsPowerShell\v1.0\;C:\WINDOWS\System32\OpenSSH\;C:\Program Files\Intel\WiFi\bin\;C:\Program Files\Common Files\Intel\WirelessCommon\;C:\Program Files\Git\cmd;C:\Users\dalep\AppData\Local\Microsoft\WindowsApps;C:\Program Files\Java\jdk-11.0.1\bin;;C:\Users\dalep\AppData\Local\Programs\Microsoft VS Code\bin;C:\Program Files\Intel\WiFi\bin\;C:\Program Files\Common Files\Intel\WirelessCommon\;C:\WINDOWS\System32;
USERNAME=dalep
OS=Windows_NT
PROCESSOR_IDENTIFIER=Intel64 Family 6 Model 142 Stepping 10, GenuineIntel



---------------  S Y S T E M  ---------------

OS: Windows 10.0 , 64 bit Build 17763 (10.0.17763.437)

CPU:total 8 (initial active 8) (4 cores per cpu, 2 threads per core) family 6 model 142 stepping 10, cmov, cx8, fxsr, mmx, sse, sse2, sse3, ssse3, sse4.1, sse4.2, popcnt, avx, avx2, aes, clmul, erms, 3dnowpref, lzcnt, ht, tsc, tscinvbit, bmi1, bmi2, adx

Memory: 4k page, physical 8270308k(2911708k free), swap 15610340k(5581292k free)

vm_info: Java HotSpot(TM) 64-Bit Server VM (25.201-b09) for windows-amd64 JRE (1.8.0_201-b09), built on Dec 15 2018 18:36:39 by "java_re" with MS VC++ 10.0 (VS2010)

time: Thu Apr 25 20:54:30 2019
timezone: Atlantic Daylight Time
elapsed time: 575 seconds (0d 0h 9m 35s)

